akhare	invalid
amadmin	invalid
amckenz5	invalid
anisbett	invalid
apalavil	invalid
ashaik	invalid
awadhwan	invalid
blin	invalid
ckulkarn	invalid
ctheodor	invalid
dnema	invalid
dsrivast	invalid
dthoma20	invalid
eeng	invalid
eugenia	invalid
gprakash	invalid
hjaswal	invalid
hsingh5	invalid
iniyazov	invalid
jalberda	invalid
jglushak	invalid
jkelly6	invalid
jkrishna	invalid
jrailton	invalid
kbhavire	invalid
kbudidha	invalid
kgallani	invalid
kjain	invalid
ksimhadr	invalid
ktseng	invalid
lchitraj	invalid
mdasari	invalid
mhossein	invalid
mmebes	invalid
mpattnay	invalid
mpothina	invalid
mronga	invalid
nali2	invalid
nkarunan	invalid
nnejatib	invalid
nsahay	invalid
pronga	invalid
psailer	invalid
rbalan	invalid
rfranz	invalid
rkirschn	invalid
ruy	invalid
sadhikes	invalid
sguduru	invalid
smandal1	invalid
spssmodel	invalid
sseymour	invalid
sstanzia	invalid
syanamad	invalid
tbrostek	invalid
vayinapu	invalid
vbommare	invalid
vguntupa	invalid
vpesara1	invalid
vrengana	invalid
wsabra	invalid
yyang1	invalid
zgao	invalid
